This is pdfTeX, Version 3.1415926-2.4-1.40.13 (MiKTeX 2.9) (preloaded format=pdflatex 2014.5.6)  18 NOV 2014 13:52
entering extended mode
**Særoppgave2.tex

("C:\Users\thbaa002\Ullern VGS\2STA\TekForsk\Særoppgave\2.forsøk\Særoppgave2
.tex"
LaTeX2e <2011/06/27>
Babel <v3.8m> and hyphenation patterns for english, afrikaans, ancientgreek, ar
abic, armenian, assamese, basque, bengali, bokmal, bulgarian, catalan, coptic, 
croatian, czech, danish, dutch, esperanto, estonian, farsi, finnish, french, ga
lician, german, german-x-2012-05-30, greek, gujarati, hindi, hungarian, iceland
ic, indonesian, interlingua, irish, italian, kannada, kurmanji, latin, latvian,
 lithuanian, malayalam, marathi, mongolian, mongolianlmc, monogreek, ngerman, n
german-x-2012-05-30, nynorsk, oriya, panjabi, pinyin, polish, portuguese, roman
ian, russian, sanskrit, serbian, slovak, slovenian, spanish, swedish, swissgerm
an, tamil, telugu, turkish, turkmen, ukenglish, ukrainian, uppersorbian, usengl
ishmax, welsh, loaded.
(C:\Users\thbaa002\MiKTeX\tex\latex\base\article.cls
Document Class: article 2007/10/19 v1.4h Standard LaTeX document class
(C:\Users\thbaa002\MiKTeX\tex\latex\base\size10.clo
File: size10.clo 2007/10/19 v1.4h Standard LaTeX file (size option)
)
\c@part=\count79
\c@section=\count80
\c@subsection=\count81
\c@subsubsection=\count82
\c@paragraph=\count83
\c@subparagraph=\count84
\c@figure=\count85
\c@table=\count86
\abovecaptionskip=\skip41
\belowcaptionskip=\skip42
\bibindent=\dimen102
)
(C:\Users\thbaa002\MiKTeX\tex\latex\base\inputenc.sty
Package: inputenc 2008/03/30 v1.1d Input encoding file
\inpenc@prehook=\toks14
\inpenc@posthook=\toks15

(C:\Users\thbaa002\MiKTeX\tex\latex\base\latin1.def
File: latin1.def 2008/03/30 v1.1d Input encoding file
))
(C:\Users\thbaa002\MiKTeX\tex\latex\microtype\microtype.sty
Package: microtype 2013/03/13 v2.5 Micro-typographical refinements (RS)

(C:\Users\thbaa002\MiKTeX\tex\latex\graphics\keyval.sty
Package: keyval 1999/03/16 v1.13 key=value parser (DPC)
\KV@toks@=\toks16
)
\MT@toks=\toks17
\MT@count=\count87
LaTeX Info: Redefining \textls on input line 771.
\MT@outer@kern=\dimen103
LaTeX Info: Redefining \textmicrotypecontext on input line 1290.
\MT@listname@count=\count88

(C:\Users\thbaa002\MiKTeX\tex\latex\microtype\microtype-pdftex.def
File: microtype-pdftex.def 2013/03/13 v2.5 Definitions specific to pdftex (RS)
LaTeX Info: Redefining \lsstyle on input line 889.
LaTeX Info: Redefining \lslig on input line 889.
\MT@outer@space=\skip43
)
Package microtype Info: Loading configuration file microtype.cfg.

(C:\Users\thbaa002\MiKTeX\tex\latex\microtype\microtype.cfg
File: microtype.cfg 2013/03/13 v2.5 microtype main configuration file (RS)
))
(C:\Users\thbaa002\MiKTeX\tex\latex\fancyhdr\fancyhdr.sty
\fancy@headwidth=\skip44
\f@ncyO@elh=\skip45
\f@ncyO@erh=\skip46
\f@ncyO@olh=\skip47
\f@ncyO@orh=\skip48
\f@ncyO@elf=\skip49
\f@ncyO@erf=\skip50
\f@ncyO@olf=\skip51
\f@ncyO@orf=\skip52
)
(C:\Users\thbaa002\MiKTeX\tex\latex\amsmath\amsmath.sty
Package: amsmath 2013/01/14 v2.14 AMS math features
\@mathmargin=\skip53

For additional information on amsmath, use the `?' option.
(C:\Users\thbaa002\MiKTeX\tex\latex\amsmath\amstext.sty
Package: amstext 2000/06/29 v2.01

(C:\Users\thbaa002\MiKTeX\tex\latex\amsmath\amsgen.sty
File: amsgen.sty 1999/11/30 v2.0
\@emptytoks=\toks18
\ex@=\dimen104
))
(C:\Users\thbaa002\MiKTeX\tex\latex\amsmath\amsbsy.sty
Package: amsbsy 1999/11/29 v1.2d
\pmbraise@=\dimen105
)
(C:\Users\thbaa002\MiKTeX\tex\latex\amsmath\amsopn.sty
Package: amsopn 1999/12/14 v2.01 operator names
)
\inf@bad=\count89
LaTeX Info: Redefining \frac on input line 210.
\uproot@=\count90
\leftroot@=\count91
LaTeX Info: Redefining \overline on input line 306.
\classnum@=\count92
\DOTSCASE@=\count93
LaTeX Info: Redefining \ldots on input line 378.
LaTeX Info: Redefining \dots on input line 381.
LaTeX Info: Redefining \cdots on input line 466.
\Mathstrutbox@=\box26
\strutbox@=\box27
\big@size=\dimen106
LaTeX Font Info:    Redeclaring font encoding OML on input line 566.
LaTeX Font Info:    Redeclaring font encoding OMS on input line 567.
\macc@depth=\count94
\c@MaxMatrixCols=\count95
\dotsspace@=\muskip10
\c@parentequation=\count96
\dspbrk@lvl=\count97
\tag@help=\toks19
\row@=\count98
\column@=\count99
\maxfields@=\count100
\andhelp@=\toks20
\eqnshift@=\dimen107
\alignsep@=\dimen108
\tagshift@=\dimen109
\tagwidth@=\dimen110
\totwidth@=\dimen111
\lineht@=\dimen112
\@envbody=\toks21
\multlinegap=\skip54
\multlinetaggap=\skip55
\mathdisplay@stack=\toks22
LaTeX Info: Redefining \[ on input line 2665.
LaTeX Info: Redefining \] on input line 2666.
)
(C:\Users\thbaa002\MiKTeX\tex\latex\hyperref\hyperref.sty
Package: hyperref 2012/11/06 v6.83m Hypertext links for LaTeX

(C:\Users\thbaa002\MiKTeX\tex\generic\oberdiek\hobsub-hyperref.sty
Package: hobsub-hyperref 2012/04/25 v1.12 Bundle oberdiek, subset hyperref (HO)


(C:\Users\thbaa002\MiKTeX\tex\generic\oberdiek\hobsub-generic.sty
Package: hobsub-generic 2012/04/25 v1.12 Bundle oberdiek, subset generic (HO)
Package: hobsub 2012/04/25 v1.12 Construct package bundles (HO)
Package: infwarerr 2010/04/08 v1.3 Providing info/warning/error messages (HO)
Package: ltxcmds 2011/11/09 v1.22 LaTeX kernel commands for general use (HO)
Package: ifluatex 2010/03/01 v1.3 Provides the ifluatex switch (HO)
Package ifluatex Info: LuaTeX not detected.
Package: ifvtex 2010/03/01 v1.5 Detect VTeX and its facilities (HO)
Package ifvtex Info: VTeX not detected.
Package: intcalc 2007/09/27 v1.1 Expandable calculations with integers (HO)
Package: ifpdf 2011/01/30 v2.3 Provides the ifpdf switch (HO)
Package ifpdf Info: pdfTeX in PDF mode is detected.
Package: etexcmds 2011/02/16 v1.5 Avoid name clashes with e-TeX commands (HO)
Package etexcmds Info: Could not find \expanded.
(etexcmds)             That can mean that you are not using pdfTeX 1.50 or
(etexcmds)             that some package has redefined \expanded.
(etexcmds)             In the latter case, load this package earlier.
Package: kvsetkeys 2012/04/25 v1.16 Key value parser (HO)
Package: kvdefinekeys 2011/04/07 v1.3 Define keys (HO)
Package: pdftexcmds 2011/11/29 v0.20 Utility functions of pdfTeX for LuaTeX (HO
)
Package pdftexcmds Info: LuaTeX not detected.
Package pdftexcmds Info: \pdf@primitive is available.
Package pdftexcmds Info: \pdf@ifprimitive is available.
Package pdftexcmds Info: \pdfdraftmode found.
Package: pdfescape 2011/11/25 v1.13 Implements pdfTeX's escape features (HO)
Package: bigintcalc 2012/04/08 v1.3 Expandable calculations on big integers (HO
)
Package: bitset 2011/01/30 v1.1 Handle bit-vector datatype (HO)
Package: uniquecounter 2011/01/30 v1.2 Provide unlimited unique counter (HO)
)
Package hobsub Info: Skipping package `hobsub' (already loaded).
Package: letltxmacro 2010/09/02 v1.4 Let assignment for LaTeX macros (HO)
Package: hopatch 2011/06/24 v1.1 Wrapper for package hooks (HO)
Package: xcolor-patch 2011/01/30 xcolor patch
Package: atveryend 2011/06/30 v1.8 Hooks at the very end of document (HO)
Package atveryend Info: \enddocument detected (standard20110627).
Package: atbegshi 2011/10/05 v1.16 At begin shipout hook (HO)
Package: refcount 2011/10/16 v3.4 Data extraction from label references (HO)
Package: hycolor 2011/01/30 v1.7 Color options for hyperref/bookmark (HO)
)
(C:\Users\thbaa002\MiKTeX\tex\generic\ifxetex\ifxetex.sty
Package: ifxetex 2010/09/12 v0.6 Provides ifxetex conditional
)
(C:\Users\thbaa002\MiKTeX\tex\latex\oberdiek\auxhook.sty
Package: auxhook 2011/03/04 v1.3 Hooks for auxiliary files (HO)
)
(C:\Users\thbaa002\MiKTeX\tex\latex\oberdiek\kvoptions.sty
Package: kvoptions 2011/06/30 v3.11 Key value format for package options (HO)
)
\@linkdim=\dimen113
\Hy@linkcounter=\count101
\Hy@pagecounter=\count102

(C:\Users\thbaa002\MiKTeX\tex\latex\hyperref\pd1enc.def
File: pd1enc.def 2012/11/06 v6.83m Hyperref: PDFDocEncoding definition (HO)
)
\Hy@SavedSpaceFactor=\count103

(C:\Users\thbaa002\MiKTeX\tex\latex\00miktex\hyperref.cfg
File: hyperref.cfg 2002/06/06 v1.2 hyperref configuration of TeXLive
)
Package hyperref Info: Hyper figures OFF on input line 4443.
Package hyperref Info: Link nesting OFF on input line 4448.
Package hyperref Info: Hyper index ON on input line 4451.
Package hyperref Info: Plain pages OFF on input line 4458.
Package hyperref Info: Backreferencing OFF on input line 4463.
Package hyperref Info: Implicit mode ON; LaTeX internals redefined.
Package hyperref Info: Bookmarks ON on input line 4688.
\c@Hy@tempcnt=\count104

(C:\Users\thbaa002\MiKTeX\tex\latex\ltxmisc\url.sty
\Urlmuskip=\muskip11
Package: url 2006/04/12  ver 3.3  Verb mode for urls, etc.
)
LaTeX Info: Redefining \url on input line 5041.
\XeTeXLinkMargin=\dimen114
\Fld@menulength=\count105
\Field@Width=\dimen115
\Fld@charsize=\dimen116
Package hyperref Info: Hyper figures OFF on input line 6295.
Package hyperref Info: Link nesting OFF on input line 6300.
Package hyperref Info: Hyper index ON on input line 6303.
Package hyperref Info: backreferencing OFF on input line 6310.
Package hyperref Info: Link coloring OFF on input line 6315.
Package hyperref Info: Link coloring with OCG OFF on input line 6320.
Package hyperref Info: PDF/A mode OFF on input line 6325.
LaTeX Info: Redefining \ref on input line 6365.
LaTeX Info: Redefining \pageref on input line 6369.
\Hy@abspage=\count106
\c@Item=\count107
\c@Hfootnote=\count108
)

Package hyperref Message: Driver (autodetected): hpdftex.

(C:\Users\thbaa002\MiKTeX\tex\latex\hyperref\hpdftex.def
File: hpdftex.def 2012/11/06 v6.83m Hyperref driver for pdfTeX
\Fld@listcount=\count109
\c@bookmark@seq@number=\count110

(C:\Users\thbaa002\MiKTeX\tex\latex\oberdiek\rerunfilecheck.sty
Package: rerunfilecheck 2011/04/15 v1.7 Rerun checks for auxiliary files (HO)
Package uniquecounter Info: New unique counter `rerunfilecheck' on input line 2
82.
)
\Hy@SectionHShift=\skip56
)
(C:\Users\thbaa002\MiKTeX\tex\latex\graphics\graphicx.sty
Package: graphicx 1999/02/16 v1.0f Enhanced LaTeX Graphics (DPC,SPQR)

(C:\Users\thbaa002\MiKTeX\tex\latex\graphics\graphics.sty
Package: graphics 2009/02/05 v1.0o Standard LaTeX Graphics (DPC,SPQR)

(C:\Users\thbaa002\MiKTeX\tex\latex\graphics\trig.sty
Package: trig 1999/03/16 v1.09 sin cos tan (DPC)
)
(C:\Users\thbaa002\MiKTeX\tex\latex\00miktex\graphics.cfg
File: graphics.cfg 2007/01/18 v1.5 graphics configuration of teTeX/TeXLive
)
Package graphics Info: Driver file: pdftex.def on input line 91.

(C:\Users\thbaa002\MiKTeX\tex\latex\pdftex-def\pdftex.def
File: pdftex.def 2011/05/27 v0.06d Graphics/color for pdfTeX
\Gread@gobject=\count111
))
\Gin@req@height=\dimen117
\Gin@req@width=\dimen118
)
("C:\Users\thbaa002\Ullern VGS\2STA\TekForsk\Særoppgave\2.forsøk\Særoppgave2
.aux")
LaTeX Font Info:    Checking defaults for OML/cmm/m/it on input line 43.
LaTeX Font Info:    ... okay on input line 43.
LaTeX Font Info:    Checking defaults for T1/cmr/m/n on input line 43.
LaTeX Font Info:    ... okay on input line 43.
LaTeX Font Info:    Checking defaults for OT1/cmr/m/n on input line 43.
LaTeX Font Info:    ... okay on input line 43.
LaTeX Font Info:    Checking defaults for OMS/cmsy/m/n on input line 43.
LaTeX Font Info:    ... okay on input line 43.
LaTeX Font Info:    Checking defaults for OMX/cmex/m/n on input line 43.
LaTeX Font Info:    ... okay on input line 43.
LaTeX Font Info:    Checking defaults for U/cmr/m/n on input line 43.
LaTeX Font Info:    ... okay on input line 43.
LaTeX Font Info:    Checking defaults for PD1/pdf/m/n on input line 43.
LaTeX Font Info:    ... okay on input line 43.
LaTeX Info: Redefining \microtypecontext on input line 43.
Package microtype Info: Generating PDF output.
Package microtype Info: Character protrusion enabled (level 2).
Package microtype Info: Using default protrusion set `alltext'.
Package microtype Info: Automatic font expansion enabled (level 2),
(microtype)             stretch: 20, shrink: 20, step: 1, non-selected.
Package microtype Info: Using default expansion set `basictext'.
Package microtype Info: No adjustment of tracking.
Package microtype Info: No adjustment of interword spacing.
Package microtype Info: No adjustment of character kerning.
 (C:\Users\thbaa002\MiKTeX\tex\latex\microtype\mt-cmr.cfg
File: mt-cmr.cfg 2011/04/09 v2.1 microtype config. file: Computer Modern Roman 
(RS)
)
\AtBeginShipoutBox=\box28
Package hyperref Info: Link coloring OFF on input line 43.

(C:\Users\thbaa002\MiKTeX\tex\latex\hyperref\nameref.sty
Package: nameref 2012/10/27 v2.43 Cross-referencing by name of section

(C:\Users\thbaa002\MiKTeX\tex\generic\oberdiek\gettitlestring.sty
Package: gettitlestring 2010/12/03 v1.4 Cleanup title references (HO)
)
\c@section@level=\count112
)
LaTeX Info: Redefining \ref on input line 43.
LaTeX Info: Redefining \pageref on input line 43.
LaTeX Info: Redefining \nameref on input line 43.

("C:\Users\thbaa002\Ullern VGS\2STA\TekForsk\Særoppgave\2.forsøk\Særoppgave2
.out")
("C:\Users\thbaa002\Ullern VGS\2STA\TekForsk\Særoppgave\2.forsøk\Særoppgave2
.out")
\@outlinefile=\write3
 (C:\Users\thbaa002\MiKTeX\tex\context\base\supp-pdf.mkii
[Loading MPS to PDF converter (version 2006.09.02).]
\scratchcounter=\count113
\scratchdimen=\dimen119
\scratchbox=\box29
\nofMPsegments=\count114
\nofMParguments=\count115
\everyMPshowfont=\toks23
\MPscratchCnt=\count116
\MPscratchDim=\dimen120
\MPnumerator=\count117
\makeMPintoPDFobject=\count118
\everyMPtoPDFconversion=\toks24
)
Underfull \hbox (badness 10000) in paragraph at lines 45--45

 []


("C:\Users\thbaa002\Ullern VGS\2STA\TekForsk\Særoppgave\2.forsøk\Særoppgave2
.toc" [1

{C:/Users/thbaa002/AppData/Local/MiKTeX/2.9/pdftex/config/pdftex.map}])
\tf@toc=\write4
[2] <controller2.pdf, id=75, 803.0pt x 202.356pt>
File: controller2.pdf Graphic file (type pdf)
 <use controller2.pdf>
Package pdftex.def Info: controller2.pdf used on input line 68.
(pdftex.def)             Requested size: 258.75pt x 65.20604pt.
Package microtype Info: Loading generic settings for font family
(microtype)             `cmtt' (encoding: OT1).
(microtype)             For optimal results, create family-specific settings.
(microtype)             See the microtype manual for details.

Underfull \hbox (badness 10000) in paragraph at lines 69--69
\OT1/cmtt/m/n/10 / / commons . wikimedia . org / wiki / File : Feedback _ loop 
_ with _ descriptions .
 []

[3 <C:/Users/thbaa002/Ullern VGS/2STA/TekForsk/Særoppgave/2.forsøk/controller
2.pdf>] <pid.pdf, id=96, 1838.36812pt x 1368.61313pt>
File: pid.pdf Graphic file (type pdf)
 <use pid.pdf>
Package pdftex.def Info: pid.pdf used on input line 78.
(pdftex.def)             Requested size: 258.75pt x 192.6278pt.
LaTeX Font Info:    Try loading font information for OMS+cmr on input line 90.

(C:\Users\thbaa002\MiKTeX\tex\latex\base\omscmr.fd
File: omscmr.fd 1999/05/25 v2.5h Standard LaTeX font definitions
)
LaTeX Font Info:    Font shape `OMS/cmr/m/n' in size <10> not available
(Font)              Font shape `OMS/cmsy/m/n' tried instead on input line 90.

Underfull \hbox (badness 10000) in paragraph at lines 92--93
[]\OT1/cmr/m/n/10 (-6) http://www.theatlantic.com/technology/archive/2013/10/th
e-ethics-
 []


Overfull \hbox (15.08449pt too wide) in paragraph at lines 93--94
[]\OT1/cmr/m/n/10 (-20) http://www.forbes.com/sites/timworstall/2014/06/18/when
-should-your-
 []

[4 <C:/Users/thbaa002/Ullern VGS/2STA/TekForsk/Særoppgave/2.forsøk/pid.pdf>]
Package atveryend Info: Empty hook `BeforeClearDocument' on input line 110.

[5]
Package atveryend Info: Empty hook `AfterLastShipout' on input line 110.

("C:\Users\thbaa002\Ullern VGS\2STA\TekForsk\Særoppgave\2.forsøk\Særoppgave2
.aux")
Package atveryend Info: Executing hook `AtVeryEndDocument' on input line 110.
Package atveryend Info: Executing hook `AtEndAfterFileList' on input line 110.
Package rerunfilecheck Info: File `Særoppgave2.out' has not changed.
(rerunfilecheck)             Checksum: 870D326CA08330CC4A1021C453E96FDE;692.
Package atveryend Info: Empty hook `AtVeryVeryEnd' on input line 110.
 ) 
Here is how much of TeX's memory you used:
 7257 strings out of 493921
 108953 string characters out of 3148477
 225031 words of memory out of 3000000
 10429 multiletter control sequences out of 15000+200000
 10311 words of font info for 56 fonts, out of 3000000 for 9000
 841 hyphenation exceptions out of 8191
 39i,11n,51p,664b,406s stack positions out of 5000i,500n,10000p,200000b,50000s
<C:/Users/thbaa002/MiKTeX/fonts/type1/public/amsfonts/cm/cmbx10.pfb><C:/Users
/thbaa002/MiKTeX/fonts/type1/public/amsfonts/cm/cmbx12.pfb><C:/Users/thbaa002/M
iKTeX/fonts/type1/public/amsfonts/cm/cmbx9.pfb><C:/Users/thbaa002/MiKTeX/fonts/
type1/public/amsfonts/cm/cmcsc10.pfb><C:/Users/thbaa002/MiKTeX/fonts/type1/publ
ic/amsfonts/cm/cmr10.pfb><C:/Users/thbaa002/MiKTeX/fonts/type1/public/amsfonts/
cm/cmr9.pfb><C:/Users/thbaa002/MiKTeX/fonts/type1/public/amsfonts/cm/cmsl10.pfb
><C:/Users/thbaa002/MiKTeX/fonts/type1/public/amsfonts/cm/cmsy10.pfb><C:/Users/
thbaa002/MiKTeX/fonts/type1/public/amsfonts/cm/cmti10.pfb><C:/Users/thbaa002/Mi
KTeX/fonts/type1/public/amsfonts/cm/cmti12.pfb><C:/Users/thbaa002/MiKTeX/fonts/
type1/public/amsfonts/cm/cmtt10.pfb>
Output written on Særoppgave2.pdf (5 pages, 276140 bytes).
PDF statistics:
 158 PDF objects out of 1000 (max. 8388607)
 21 named destinations out of 1000 (max. 500000)
 18531 words of extra memory for PDF output out of 20736 (max. 10000000)

